#
# A fatal error has been detected by the Java Runtime Environment:
#
#  SIGSEGV (0xb) at pc=0x00007ff31ec272ab, pid=320893, tid=320893
#
# JRE version: OpenJDK Runtime Environment (11.0.13+8) (build 11.0.13+8)
# Java VM: OpenJDK 64-Bit Server VM (11.0.13+8, mixed mode, tiered, compressed oops, g1 gc, linux-amd64)
# Problematic frame:
# V  [libjvm.so+0xbf92ab]
#
# Core dump will be written. Default location: Core dumps may be processed with "/usr/lib/systemd/systemd-coredump %P %u %g %s %t %c %h" (or dumping to /home/array/Documents/github_repos/learning_android/hello_world_sahil/core.320893)
#
# If you would like to submit a bug report, please visit:
#   https://bugreport.java.com/bugreport/crash.jsp
#

---------------  S U M M A R Y ------------

Command Line: -Xmx64m -Xms64m -Dorg.gradle.appname=gradlew org.gradle.wrapper.GradleWrapperMain installDebug

Host: Intel(R) Core(TM) i5-6200U CPU @ 2.30GHz, 4 cores, 7G, Arch Linux
Time: Mon Jan  3 19:20:52 2022 IST elapsed time: 3.499839 seconds (0d 0h 0m 3s)

---------------  T H R E A D  ---------------

Current thread is native thread

Stack: [0x00007ffd43824000,0x00007ffd44023000],  sp=0x00007ffd4401e3b0,  free space=8168k
Native frames: (J=compiled Java code, A=aot compiled Java code, j=interpreted, Vv=VM code, C=native code)
V  [libjvm.so+0xbf92ab]


siginfo: si_signo: 11 (SIGSEGV), si_code: 1 (SEGV_MAPERR), si_addr: 0x00000000000000d0

Register to memory mapping:

RAX=0x0 is NULL
RBX=
[error occurred during error reporting (printing register info), id 0xb, SIGSEGV (0xb) at pc=0x00007ff31edd19d8]

Registers:
RAX=0x0000000000000000, RBX=0x00007ff31f23d408, RCX=0x00007ff31f2538ca, RDX=0x00007ffd4401e480
RSP=0x00007ffd4401e3b0, RBP=0x00007ffd4401e470, RSI=0x00007ffd4401e5b0, RDI=0x0000000000000001
R8 =0x0000000000000000, R9 =0x00000000ffffffff, R10=0x0000000000000000, R11=0x0000000000000246
R12=0x0000000000000000, R13=0x00007ffd4401ebd8, R14=0x00007ff31dcb8910, R15=0x00007ff31dcb8640
RIP=0x00007ff31ec272ab, EFLAGS=0x0000000000010246, CSGSFS=0x002b000000000033, ERR=0x0000000000000004
  TRAPNO=0x000000000000000e

Top of Stack: (sp=0x00007ffd4401e3b0)
0x00007ffd4401e3b0:   00007ffd4401e5b0 00007ffd4401e480
0x00007ffd4401e3c0:   00007ffd4401ea98 0000000000000000
0x00007ffd4401e3d0:   0000000100000002 00007ffd4401e630
0x00007ffd4401e3e0:   ffffffffffffffff 0000000000000000 

Instructions: (pc=0x00007ff31ec272ab)
0x00007ff31ec271ab:   61 ff ff ff 48 8d 35 d1 a1 2f 00 4c 89 f7 ff 15
0x00007ff31ec271bb:   49 47 58 00 48 85 c0 75 1c 48 8d 35 d1 a1 2f 00
0x00007ff31ec271cb:   4c 89 f7 ff 15 34 47 58 00 48 85 c0 0f 84 33 ff
0x00007ff31ec271db:   ff ff 0f 1f 00 be 22 00 00 00 4c 89 f7 ff 15 82
0x00007ff31ec271eb:   47 58 00 48 85 c0 74 35 4c 8d 68 01 be 22 00 00
0x00007ff31ec271fb:   00 4c 89 ef ff 15 6b 47 58 00 48 85 c0 74 03 c6
0x00007ff31ec2720b:   00 00 48 8b bd b8 fe ff ff 4c 89 fa 4c 89 ee ff
0x00007ff31ec2721b:   15 70 44 58 00 e9 14 ff ff ff 0f 1f 00 be 3d 00
0x00007ff31ec2722b:   00 00 4c 89 f7 ff 15 3a 47 58 00 be 0a 00 00 00
0x00007ff31ec2723b:   4c 8d 68 01 4c 89 ef ff 15 28 47 58 00 48 85 c0
0x00007ff31ec2724b:   75 bd eb be ff 15 7b 45 58 00 66 66 2e 0f 1f 84
0x00007ff31ec2725b:   00 00 00 00 00 55 66 48 0f 6e ce 66 48 0f 6e d2
0x00007ff31ec2726b:   66 0f 6c ca 48 89 e5 41 57 41 56 41 55 41 54 53
0x00007ff31ec2727b:   48 81 ec 98 00 00 00 0f 29 8d 40 ff ff ff ff 15
0x00007ff31ec2728b:   69 4b 58 00 44 8b 20 48 89 c3 67 e8 85 91 1a 00
0x00007ff31ec2729b:   41 89 c0 31 c0 45 84 c0 74 06 67 e8 85 91 1a 00
0x00007ff31ec272ab:   48 83 b8 d0 00 00 00 00 74 16 4c 8b b8 70 02 00
0x00007ff31ec272bb:   00 41 8b 87 a8 00 00 00 83 f8 01 74 18 44 89 23
0x00007ff31ec272cb:   48 81 c4 98 00 00 00 5b 41 5c 41 5d 41 5e 41 5f
0x00007ff31ec272db:   5d c3 0f 1f 00 66 0f 6f 9d 40 ff ff ff ba 02 00
0x00007ff31ec272eb:   00 00 be 01 00 00 00 4d 8d af a8 00 00 00 4c 89
0x00007ff31ec272fb:   ef 41 0f 11 9f b0 00 00 00 67 e8 f6 bf ff ff 83
0x00007ff31ec2730b:   f8 02 74 41 85 c0 75 15 66 0f ef c0 41 0f 11 87
0x00007ff31ec2731b:   b0 00 00 00 eb a7 0f 1f 80 00 00 00 00 48 8d 05
0x00007ff31ec2732b:   39 98 58 00 be dd 11 00 00 48 8d 3d 2d ab 2f 00
0x00007ff31ec2733b:   48 8b 00 c6 00 58 67 e8 09 35 a9 ff eb ca 0f 1f
0x00007ff31ec2734b:   80 00 00 00 00 4c 8d b5 50 ff ff ff 4c 89 f7 ff
0x00007ff31ec2735b:   15 60 48 58 00 4c 89 f2 31 f6 31 ff ff 15 5b 43
0x00007ff31ec2736b:   58 00 8b 35 dd 39 5a 00 4c 89 f7 ff 15 34 46 58
0x00007ff31ec2737b:   00 be 01 00 00 00 48 8d 3d 98 7d 5e 00 67 e8 22
0x00007ff31ec2738b:   b3 0c 00 66 90 4c 89 f7 ff 15 af 4a 58 00 31 d2
0x00007ff31ec2739b:   be 03 00 00 00 4c 89 ef 67 e8 57 bf ff ff 85 c0 


Stack slot to memory mapping:
stack at sp + 0 slots: 
[error occurred during error reporting (inspecting top of stack), id 0xb, SIGSEGV (0xb) at pc=0x00007ff31edd19d8]


---------------  P R O C E S S  ---------------

VM state:not at safepoint (normal execution)

VM Mutex/Monitor currently owned by a thread: None

Heap address: 0x00000000fc000000, size: 64 MB, Compressed Oops mode: 32-bit
Narrow klass base: 0x0000000000000000, Narrow klass shift: 3
Compressed class space size: 1073741824 Address: 0x0000000100000000

Heap:
 garbage-first heap   total 65536K, used 31284K [0x00000000fc000000, 0x0000000100000000)
  region size 1024K, 28 young (28672K), 2 survivors (2048K)
 Metaspace       used 14978K, capacity 15243K, committed 15488K, reserved 1062912K
  class space    used 1708K, capacity 1828K, committed 1920K, reserved 1048576K
Heap Regions: E=young(eden), S=young(survivor), O=old, HS=humongous(starts), HC=humongous(continues), CS=collection set, F=free, A=archive, TAMS=top-at-mark-start (previous, next)
|   0|0x00000000fc000000, 0x00000000fc100000, 0x00000000fc100000|100%|HS|  |TAMS 0x00000000fc000000, 0x00000000fc000000| Complete 
|   1|0x00000000fc100000, 0x00000000fc200000, 0x00000000fc200000|100%|HC|  |TAMS 0x00000000fc100000, 0x00000000fc100000| Complete 
|   2|0x00000000fc200000, 0x00000000fc300000, 0x00000000fc300000|100%|HC|  |TAMS 0x00000000fc200000, 0x00000000fc200000| Complete 
|   3|0x00000000fc300000, 0x00000000fc400000, 0x00000000fc400000|100%| O|  |TAMS 0x00000000fc300000, 0x00000000fc300000| Untracked 
|   4|0x00000000fc400000, 0x00000000fc48d200, 0x00000000fc500000| 55%| O|  |TAMS 0x00000000fc400000, 0x00000000fc400000| Untracked 
|   5|0x00000000fc500000, 0x00000000fc500000, 0x00000000fc600000|  0%| F|  |TAMS 0x00000000fc500000, 0x00000000fc500000| Untracked 
|   6|0x00000000fc600000, 0x00000000fc600000, 0x00000000fc700000|  0%| F|  |TAMS 0x00000000fc600000, 0x00000000fc600000| Untracked 
|   7|0x00000000fc700000, 0x00000000fc700000, 0x00000000fc800000|  0%| F|  |TAMS 0x00000000fc700000, 0x00000000fc700000| Untracked 
|   8|0x00000000fc800000, 0x00000000fc800000, 0x00000000fc900000|  0%| F|  |TAMS 0x00000000fc800000, 0x00000000fc800000| Untracked 
|   9|0x00000000fc900000, 0x00000000fc900000, 0x00000000fca00000|  0%| F|  |TAMS 0x00000000fc900000, 0x00000000fc900000| Untracked 
|  10|0x00000000fca00000, 0x00000000fca00000, 0x00000000fcb00000|  0%| F|  |TAMS 0x00000000fca00000, 0x00000000fca00000| Untracked 
|  11|0x00000000fcb00000, 0x00000000fcb00000, 0x00000000fcc00000|  0%| F|  |TAMS 0x00000000fcb00000, 0x00000000fcb00000| Untracked 
|  12|0x00000000fcc00000, 0x00000000fcc00000, 0x00000000fcd00000|  0%| F|  |TAMS 0x00000000fcc00000, 0x00000000fcc00000| Untracked 
|  13|0x00000000fcd00000, 0x00000000fcd00000, 0x00000000fce00000|  0%| F|  |TAMS 0x00000000fcd00000, 0x00000000fcd00000| Untracked 
|  14|0x00000000fce00000, 0x00000000fce00000, 0x00000000fcf00000|  0%| F|  |TAMS 0x00000000fce00000, 0x00000000fce00000| Untracked 
|  15|0x00000000fcf00000, 0x00000000fcf00000, 0x00000000fd000000|  0%| F|  |TAMS 0x00000000fcf00000, 0x00000000fcf00000| Untracked 
|  16|0x00000000fd000000, 0x00000000fd000000, 0x00000000fd100000|  0%| F|  |TAMS 0x00000000fd000000, 0x00000000fd000000| Untracked 
|  17|0x00000000fd100000, 0x00000000fd100000, 0x00000000fd200000|  0%| F|  |TAMS 0x00000000fd100000, 0x00000000fd100000| Untracked 
|  18|0x00000000fd200000, 0x00000000fd200000, 0x00000000fd300000|  0%| F|  |TAMS 0x00000000fd200000, 0x00000000fd200000| Untracked 
|  19|0x00000000fd300000, 0x00000000fd300000, 0x00000000fd400000|  0%| F|  |TAMS 0x00000000fd300000, 0x00000000fd300000| Untracked 
|  20|0x00000000fd400000, 0x00000000fd400000, 0x00000000fd500000|  0%| F|  |TAMS 0x00000000fd400000, 0x00000000fd400000| Untracked 
|  21|0x00000000fd500000, 0x00000000fd500000, 0x00000000fd600000|  0%| F|  |TAMS 0x00000000fd500000, 0x00000000fd500000| Untracked 
|  22|0x00000000fd600000, 0x00000000fd600000, 0x00000000fd700000|  0%| F|  |TAMS 0x00000000fd600000, 0x00000000fd600000| Untracked 
|  23|0x00000000fd700000, 0x00000000fd700000, 0x00000000fd800000|  0%| F|  |TAMS 0x00000000fd700000, 0x00000000fd700000| Untracked 
|  24|0x00000000fd800000, 0x00000000fd800000, 0x00000000fd900000|  0%| F|  |TAMS 0x00000000fd800000, 0x00000000fd800000| Untracked 
|  25|0x00000000fd900000, 0x00000000fd900000, 0x00000000fda00000|  0%| F|  |TAMS 0x00000000fd900000, 0x00000000fd900000| Untracked 
|  26|0x00000000fda00000, 0x00000000fda00000, 0x00000000fdb00000|  0%| F|  |TAMS 0x00000000fda00000, 0x00000000fda00000| Untracked 
|  27|0x00000000fdb00000, 0x00000000fdb00000, 0x00000000fdc00000|  0%| F|  |TAMS 0x00000000fdb00000, 0x00000000fdb00000| Untracked 
|  28|0x00000000fdc00000, 0x00000000fdc00000, 0x00000000fdd00000|  0%| F|  |TAMS 0x00000000fdc00000, 0x00000000fdc00000| Untracked 
|  29|0x00000000fdd00000, 0x00000000fdd00000, 0x00000000fde00000|  0%| F|  |TAMS 0x00000000fdd00000, 0x00000000fdd00000| Untracked 
|  30|0x00000000fde00000, 0x00000000fde00000, 0x00000000fdf00000|  0%| F|  |TAMS 0x00000000fde00000, 0x00000000fde00000| Untracked 
|  31|0x00000000fdf00000, 0x00000000fdf00000, 0x00000000fe000000|  0%| F|  |TAMS 0x00000000fdf00000, 0x00000000fdf00000| Untracked 
|  32|0x00000000fe000000, 0x00000000fe000000, 0x00000000fe100000|  0%| F|  |TAMS 0x00000000fe000000, 0x00000000fe000000| Untracked 
|  33|0x00000000fe100000, 0x00000000fe100000, 0x00000000fe200000|  0%| F|  |TAMS 0x00000000fe100000, 0x00000000fe100000| Untracked 
|  34|0x00000000fe200000, 0x00000000fe200000, 0x00000000fe300000|  0%| F|  |TAMS 0x00000000fe200000, 0x00000000fe200000| Untracked 
|  35|0x00000000fe300000, 0x00000000fe300000, 0x00000000fe400000|  0%| F|  |TAMS 0x00000000fe300000, 0x00000000fe300000| Untracked 
|  36|0x00000000fe400000, 0x00000000fe500000, 0x00000000fe500000|100%| E|  |TAMS 0x00000000fe400000, 0x00000000fe400000| Complete 
|  37|0x00000000fe500000, 0x00000000fe600000, 0x00000000fe600000|100%| E|CS|TAMS 0x00000000fe500000, 0x00000000fe500000| Complete 
|  38|0x00000000fe600000, 0x00000000fe700000, 0x00000000fe700000|100%| E|CS|TAMS 0x00000000fe600000, 0x00000000fe600000| Complete 
|  39|0x00000000fe700000, 0x00000000fe800000, 0x00000000fe800000|100%| E|CS|TAMS 0x00000000fe700000, 0x00000000fe700000| Complete 
|  40|0x00000000fe800000, 0x00000000fe900000, 0x00000000fe900000|100%| E|CS|TAMS 0x00000000fe800000, 0x00000000fe800000| Complete 
|  41|0x00000000fe900000, 0x00000000fea00000, 0x00000000fea00000|100%| E|CS|TAMS 0x00000000fe900000, 0x00000000fe900000| Complete 
|  42|0x00000000fea00000, 0x00000000feb00000, 0x00000000feb00000|100%| E|CS|TAMS 0x00000000fea00000, 0x00000000fea00000| Complete 
|  43|0x00000000feb00000, 0x00000000fec00000, 0x00000000fec00000|100%| E|CS|TAMS 0x00000000feb00000, 0x00000000feb00000| Complete 
|  44|0x00000000fec00000, 0x00000000fed00000, 0x00000000fed00000|100%| E|CS|TAMS 0x00000000fec00000, 0x00000000fec00000| Complete 
|  45|0x00000000fed00000, 0x00000000fee00000, 0x00000000fee00000|100%| E|CS|TAMS 0x00000000fed00000, 0x00000000fed00000| Complete 
|  46|0x00000000fee00000, 0x00000000fef00000, 0x00000000fef00000|100%| E|CS|TAMS 0x00000000fee00000, 0x00000000fee00000| Complete 
|  47|0x00000000fef00000, 0x00000000ff000000, 0x00000000ff000000|100%| E|CS|TAMS 0x00000000fef00000, 0x00000000fef00000| Complete 
|  48|0x00000000ff000000, 0x00000000ff100000, 0x00000000ff100000|100%| S|CS|TAMS 0x00000000ff000000, 0x00000000ff000000| Complete 
|  49|0x00000000ff100000, 0x00000000ff200000, 0x00000000ff200000|100%| S|CS|TAMS 0x00000000ff100000, 0x00000000ff100000| Complete 
|  50|0x00000000ff200000, 0x00000000ff300000, 0x00000000ff300000|100%| E|CS|TAMS 0x00000000ff200000, 0x00000000ff200000| Complete 
|  51|0x00000000ff300000, 0x00000000ff400000, 0x00000000ff400000|100%| E|CS|TAMS 0x00000000ff300000, 0x00000000ff300000| Complete 
|  52|0x00000000ff400000, 0x00000000ff500000, 0x00000000ff500000|100%| E|CS|TAMS 0x00000000ff400000, 0x00000000ff400000| Complete 
|  53|0x00000000ff500000, 0x00000000ff600000, 0x00000000ff600000|100%| E|CS|TAMS 0x00000000ff500000, 0x00000000ff500000| Complete 
|  54|0x00000000ff600000, 0x00000000ff700000, 0x00000000ff700000|100%| E|CS|TAMS 0x00000000ff600000, 0x00000000ff600000| Complete 
|  55|0x00000000ff700000, 0x00000000ff800000, 0x00000000ff800000|100%| E|CS|TAMS 0x00000000ff700000, 0x00000000ff700000| Complete 
|  56|0x00000000ff800000, 0x00000000ff900000, 0x00000000ff900000|100%| E|CS|TAMS 0x00000000ff800000, 0x00000000ff800000| Complete 
|  57|0x00000000ff900000, 0x00000000ffa00000, 0x00000000ffa00000|100%| E|CS|TAMS 0x00000000ff900000, 0x00000000ff900000| Complete 
|  58|0x00000000ffa00000, 0x00000000ffb00000, 0x00000000ffb00000|100%| E|CS|TAMS 0x00000000ffa00000, 0x00000000ffa00000| Complete 
|  59|0x00000000ffb00000, 0x00000000ffc00000, 0x00000000ffc00000|100%| E|CS|TAMS 0x00000000ffb00000, 0x00000000ffb00000| Complete 
|  60|0x00000000ffc00000, 0x00000000ffd00000, 0x00000000ffd00000|100%| E|CS|TAMS 0x00000000ffc00000, 0x00000000ffc00000| Complete 
|  61|0x00000000ffd00000, 0x00000000ffe00000, 0x00000000ffe00000|100%| E|CS|TAMS 0x00000000ffd00000, 0x00000000ffd00000| Complete 
|  62|0x00000000ffe00000, 0x00000000fff00000, 0x00000000fff00000|100%| E|  |TAMS 0x00000000ffe00000, 0x00000000ffe00000| Complete 
|  63|0x00000000fff00000, 0x0000000100000000, 0x0000000100000000|100%| E|CS|TAMS 0x00000000fff00000, 0x00000000fff00000| Complete 

Card table byte_map: [0x00007ff31d427000,0x00007ff31d447000] _byte_map_base: 0x00007ff31cc47000

Marking Bits (Prev, Next): (CMBitMap*) 0x00007ff318033538, (CMBitMap*) 0x00007ff318033570
 Prev Bits: [0x00007ff31d307000, 0x00007ff31d407000)
 Next Bits: [0x00007ff31d207000, 0x00007ff31d307000)

Polling page: 0x00007ff31f44d000

Metaspace:

Usage:
  Non-class:     13.10 MB capacity,    12.96 MB ( 99%) used,   124.73 KB ( <1%) free+waste,    20.19 KB ( <1%) overhead. 
      Class:      1.79 MB capacity,     1.67 MB ( 93%) used,   109.23 KB (  6%) free+waste,     9.88 KB ( <1%) overhead. 
       Both:     14.89 MB capacity,    14.63 MB ( 98%) used,   233.96 KB (  2%) free+waste,    30.06 KB ( <1%) overhead. 

Virtual space:
  Non-class space:       14.00 MB reserved,      13.25 MB ( 95%) committed 
      Class space:        1.00 GB reserved,       1.88 MB ( <1%) committed 
             Both:        1.01 GB reserved,      15.12 MB (  1%) committed 

Chunk freelists:
   Non-Class:  25.00 KB
       Class:  28.00 KB
        Both:  53.00 KB

MaxMetaspaceSize: unlimited
CompressedClassSpaceSize: 1.00 GB
Initial GC threshold: 20.80 MB
Current GC threshold: 20.80 MB
CDS: off

CodeHeap 'non-profiled nmethods': size=120032Kb used=434Kb max_used=434Kb free=119597Kb
 bounds [0x00007ff30831b000, 0x00007ff30858b000, 0x00007ff30f853000]
CodeHeap 'profiled nmethods': size=120032Kb used=2004Kb max_used=2004Kb free=118028Kb
 bounds [0x00007ff300de3000, 0x00007ff301053000, 0x00007ff30831b000]
CodeHeap 'non-nmethods': size=5696Kb used=1145Kb max_used=1158Kb free=4550Kb
 bounds [0x00007ff300853000, 0x00007ff300ac3000, 0x00007ff300de3000]
 total_blobs=1518 nmethods=1112 adapters=320
 compilation: enabled
              stopped_count=0, restarted_count=0
 full_count=0

Compilation events (20 events):
Event: 2.439 Thread 0x00007ff318101800 1101       3       java.lang.invoke.MethodTypeForm::unpack (30 bytes)
Event: 2.439 Thread 0x00007ff318101800 nmethod 1101 0x00007ff300fd2d10 code [0x00007ff300fd2ec0, 0x00007ff300fd2fd0]
Event: 2.439 Thread 0x00007ff318101800 1103   !   3       java.lang.invoke.MemberName$Factory::resolve (157 bytes)
Event: 2.440 Thread 0x00007ff318101800 nmethod 1103 0x00007ff300fd3090 code [0x00007ff300fd32c0, 0x00007ff300fd3940]
Event: 2.440 Thread 0x00007ff318101800 1104       3       java.lang.AbstractStringBuilder::appendChars (130 bytes)
Event: 2.441 Thread 0x00007ff318101800 nmethod 1104 0x00007ff300fd3c10 code [0x00007ff300fd3e80, 0x00007ff300fd4960]
Event: 2.668 Thread 0x00007ff318101800 1106       3       com.google.common.collect.AbstractIterator::hasNext (65 bytes)
Event: 2.669 Thread 0x00007ff318101800 nmethod 1106 0x00007ff300fd4f10 code [0x00007ff300fd5100, 0x00007ff300fd54d0]
Event: 2.669 Thread 0x00007ff318101800 1105       3       com.google.common.base.Preconditions::checkNotNull (14 bytes)
Event: 2.669 Thread 0x00007ff318101800 nmethod 1105 0x00007ff300fd5690 code [0x00007ff300fd5860, 0x00007ff300fd5a20]
Event: 2.669 Thread 0x00007ff318101800 1107       3       com.google.common.base.Preconditions::checkState (13 bytes)
Event: 2.669 Thread 0x00007ff318101800 nmethod 1107 0x00007ff300fd5b10 code [0x00007ff300fd5ce0, 0x00007ff300fd5ec0]
Event: 2.869 Thread 0x00007ff318101800 1108       1       java.util.concurrent.atomic.AtomicInteger::get (5 bytes)
Event: 2.869 Thread 0x00007ff318101800 nmethod 1108 0x00007ff308387090 code [0x00007ff308387240, 0x00007ff3083872f0]
Event: 2.969 Thread 0x00007ff318101800 1109       3       java.lang.invoke.VarHandleGuards::guard_LII_Z (70 bytes)
Event: 2.974 Thread 0x00007ff318101800 nmethod 1109 0x00007ff300fd5f90 code [0x00007ff300fd6240, 0x00007ff300fd71e0]
Event: 2.974 Thread 0x00007ff318101800 1110       3       java.lang.invoke.VarHandleInts$FieldInstanceReadWrite::compareAndSet (24 bytes)
Event: 2.975 Thread 0x00007ff318101800 nmethod 1110 0x00007ff300fd7710 code [0x00007ff300fd7920, 0x00007ff300fd7dc0]
Event: 3.269 Thread 0x00007ff318101800 1112       1       java.util.Collections$SingletonList::size (2 bytes)
Event: 3.270 Thread 0x00007ff318101800 nmethod 1112 0x00007ff308387690 code [0x00007ff308387840, 0x00007ff3083878f0]

GC Heap History (2 events):
Event: 0.427 GC heap before
{Heap before GC invocations=0 (full 0):
 garbage-first heap   total 65536K, used 16384K [0x00000000fc000000, 0x0000000100000000)
  region size 1024K, 14 young (14336K), 0 survivors (0K)
 Metaspace       used 7656K, capacity 7825K, committed 7936K, reserved 1056768K
  class space    used 677K, capacity 754K, committed 768K, reserved 1048576K
}
Event: 0.432 GC heap after
{Heap after GC invocations=1 (full 0):
 garbage-first heap   total 65536K, used 3636K [0x00000000fc000000, 0x0000000100000000)
  region size 1024K, 2 young (2048K), 2 survivors (2048K)
 Metaspace       used 7656K, capacity 7825K, committed 7936K, reserved 1056768K
  class space    used 677K, capacity 754K, committed 768K, reserved 1048576K
}

Deoptimization events (20 events):
Event: 0.668 Thread 0x00007ff318016000 Uncommon trap: trap_request=0xffffff4d fr.pc=0x00007ff3083274f4 relative=0x0000000000000054
Event: 0.668 Thread 0x00007ff318016000 Uncommon trap: reason=unstable_if action=reinterpret pc=0x00007ff3083274f4 method=java.util.regex.Pattern.has(I)Z @ 6 c2
Event: 0.669 Thread 0x00007ff318016000 DEOPT PACKING pc=0x00007ff3083274f4 sp=0x00007ff31dcb5d80
Event: 0.669 Thread 0x00007ff318016000 DEOPT UNPACKING pc=0x00007ff30089cea5 sp=0x00007ff31dcb5d30 mode 2
Event: 0.976 Thread 0x00007ff318981800 DEOPT PACKING pc=0x00007ff300e89888 sp=0x00007ff2f0e1aed0
Event: 0.976 Thread 0x00007ff318981800 DEOPT UNPACKING pc=0x00007ff30089d64a sp=0x00007ff2f0e1a340 mode 0
Event: 1.016 Thread 0x00007ff318016000 DEOPT PACKING pc=0x00007ff300eba3a0 sp=0x00007ff31dcb0400
Event: 1.016 Thread 0x00007ff318016000 DEOPT UNPACKING pc=0x00007ff30089d64a sp=0x00007ff31dcaf938 mode 0
Event: 1.019 Thread 0x00007ff318016000 Uncommon trap: trap_request=0xffffffc6 fr.pc=0x00007ff308347d2c relative=0x000000000000116c
Event: 1.019 Thread 0x00007ff318016000 Uncommon trap: reason=bimorphic_or_optimized_type_check action=maybe_recompile pc=0x00007ff308347d2c method=java.util.HashMap.putVal(ILjava/lang/Object;Ljava/lang/Object;ZZ)Ljava/lang/Object; @ 91 c2
Event: 1.019 Thread 0x00007ff318016000 DEOPT PACKING pc=0x00007ff308347d2c sp=0x00007ff31dcb1af0
Event: 1.019 Thread 0x00007ff318016000 DEOPT UNPACKING pc=0x00007ff30089cea5 sp=0x00007ff31dcb1a80 mode 2
Event: 1.019 Thread 0x00007ff318016000 Uncommon trap: trap_request=0xffffffc6 fr.pc=0x00007ff308347d2c relative=0x000000000000116c
Event: 1.019 Thread 0x00007ff318016000 Uncommon trap: reason=bimorphic_or_optimized_type_check action=maybe_recompile pc=0x00007ff308347d2c method=java.util.HashMap.putVal(ILjava/lang/Object;Ljava/lang/Object;ZZ)Ljava/lang/Object; @ 91 c2
Event: 1.019 Thread 0x00007ff318016000 DEOPT PACKING pc=0x00007ff308347d2c sp=0x00007ff31dcb1b50
Event: 1.019 Thread 0x00007ff318016000 DEOPT UNPACKING pc=0x00007ff30089cea5 sp=0x00007ff31dcb1ae0 mode 2
Event: 1.025 Thread 0x00007ff318016000 Uncommon trap: trap_request=0xffffff4d fr.pc=0x00007ff30835d170 relative=0x00000000000001b0
Event: 1.025 Thread 0x00007ff318016000 Uncommon trap: reason=unstable_if action=reinterpret pc=0x00007ff30835d170 method=java.util.HashMap.getNode(ILjava/lang/Object;)Ljava/util/HashMap$Node; @ 129 c2
Event: 1.025 Thread 0x00007ff318016000 DEOPT PACKING pc=0x00007ff30835d170 sp=0x00007ff31dcb38d0
Event: 1.025 Thread 0x00007ff318016000 DEOPT UNPACKING pc=0x00007ff30089cea5 sp=0x00007ff31dcb3800 mode 2

Classes redefined (0 events):
No events

Internal exceptions (11 events):
Event: 0.212 Thread 0x00007ff318016000 Exception <a 'java/lang/NoSuchMethodError'{0x00000000ffdfa688}: 'int java.lang.invoke.DirectMethodHandle$Holder.invokeStaticInit(java.lang.Object, java.lang.Object)'> (0x00000000ffdfa688) thrown at [src/hotspot/share/interpreter/linkResolver.cpp, line 772]
Event: 0.239 Thread 0x00007ff318016000 Exception <a 'java/lang/NoSuchMethodError'{0x00000000ffb18940}: 'int java.lang.invoke.DirectMethodHandle$Holder.invokeSpecial(java.lang.Object, java.lang.Object, java.lang.Object, java.lang.Object)'> (0x00000000ffb18940) thrown at [src/hotspot/share/interpreter/linkResolver.cpp, line 772]
Event: 0.244 Thread 0x00007ff318016000 Exception <a 'java/lang/NoSuchMethodError'{0x00000000ffb57ab8}: 'int java.lang.invoke.DirectMethodHandle$Holder.invokeSpecialIFC(java.lang.Object, java.lang.Object, int)'> (0x00000000ffb57ab8) thrown at [src/hotspot/share/interpreter/linkResolver.cpp, line 772]
Event: 0.708 Thread 0x00007ff318016000 Exception <a 'java/lang/NoClassDefFoundError'{0x00000000ff8c9340}: org/slf4j/impl/StaticMarkerBinder> (0x00000000ff8c9340) thrown at [src/hotspot/share/classfile/systemDictionary.cpp, line 220]
Event: 0.767 Thread 0x00007ff318016000 Exception <a 'java/lang/NoSuchMethodError'{0x00000000ff780bf0}: 'java.lang.Object java.lang.invoke.DirectMethodHandle$Holder.invokeVirtual(java.lang.Object, java.lang.Object, java.lang.Object, java.lang.Object, java.lang.Object, java.lang.Object, java.lang.Object)'> (0x00000000ff780bf0) thrown at [src/hotspot/share/interpreter/linkResolver.cpp, line 772]
Event: 0.773 Thread 0x00007ff318016000 Exception <a 'java/lang/NoSuchMethodError'{0x00000000ff78ea30}: 'java.lang.Object java.lang.invoke.Invokers$Holder.invoker(java.lang.Object, java.lang.Object, java.lang.Object)'> (0x00000000ff78ea30) thrown at [src/hotspot/share/interpreter/linkResolver.cpp, line 772]
Event: 0.784 Thread 0x00007ff318016000 Exception <a 'java/lang/NoSuchMethodError'{0x00000000ff79f588}: 'void java.lang.invoke.DelegatingMethodHandle$Holder.delegate(java.lang.Object, java.lang.Object, int, java.lang.Object)'> (0x00000000ff79f588) thrown at [src/hotspot/share/interpreter/linkResolver.cpp, line 772]
Event: 0.835 Thread 0x00007ff318016000 Exception <a 'java/lang/UnsatisfiedLinkError'{0x00000000ff519408}> (0x00000000ff519408) thrown at [src/hotspot/share/prims/jvm.cpp, line 3466]
Event: 0.835 Thread 0x00007ff318016000 Exception <a 'java/lang/UnsatisfiedLinkError'{0x00000000ff519408}> (0x00000000ff519408) thrown at [src/hotspot/share/prims/jni.cpp, line 616]
Event: 0.915 Thread 0x00007ff318016000 Exception <a 'java/lang/NoSuchMethodError'{0x00000000fee5ac68}: 'java.lang.Object java.lang.invoke.DirectMethodHandle$Holder.invokeInterface(java.lang.Object, java.lang.Object, java.lang.Object)'> (0x00000000fee5ac68) thrown at [src/hotspot/share/interpreter/linkResolver.cpp, line 772]
Event: 0.955 Thread 0x00007ff318016000 Exception <a 'java/lang/NoSuchMethodError'{0x00000000fec95480}: 'java.lang.Object java.lang.invoke.DirectMethodHandle$Holder.invokeStaticInit(java.lang.Object, java.lang.Object, java.lang.Object)'> (0x00000000fec95480) thrown at [src/hotspot/share/interpreter/linkResolver.cpp, line 772]

Events (20 events):
Event: 2.440 loading class java/io/ObjectInputStream$BlockDataInputStream
Event: 2.440 loading class java/io/ObjectInputStream$BlockDataInputStream done
Event: 2.440 loading class java/io/ObjectInputStream$PeekInputStream
Event: 2.440 loading class java/io/ObjectInputStream$PeekInputStream done
Event: 2.440 loading class java/io/ObjectInputStream$HandleTable
Event: 2.440 loading class java/io/ObjectInputStream$HandleTable done
Event: 2.441 loading class java/io/ObjectInputStream$HandleTable$HandleList
Event: 2.441 loading class java/io/ObjectInputStream$HandleTable$HandleList done
Event: 2.441 loading class java/io/ObjectInputStream$ValidationList
Event: 2.441 loading class java/io/ObjectInputStream$ValidationList done
Event: 2.441 loading class java/io/ObjectInputFilter$Config
Event: 2.441 loading class java/io/ObjectInputFilter$Config done
Event: 2.441 loading class java/io/ObjectInputFilter
Event: 2.441 loading class java/io/ObjectInputFilter done
Event: 2.441 loading class jdk/internal/misc/JavaObjectInputFilterAccess
Event: 2.441 loading class jdk/internal/misc/JavaObjectInputFilterAccess done
Event: 2.441 loading class java/io/Bits
Event: 2.442 loading class java/io/Bits done
Event: 2.442 loading class org/gradle/internal/serialize/ExceptionReplacingObjectInputStream$1
Event: 2.442 loading class org/gradle/internal/serialize/ExceptionReplacingObjectInputStream$1 done


Dynamic libraries:
fc000000-1001e0000 rw-p 00000000 00:00 0 
1001e0000-140000000 ---p 00000000 00:00 0 
560ac1496000-560ac1497000 r--p 00000000 08:13 3944465                    /usr/lib/jvm/java-11-openjdk/bin/java
560ac1497000-560ac1498000 r-xp 00001000 08:13 3944465                    /usr/lib/jvm/java-11-openjdk/bin/java
560ac1498000-560ac1499000 r--p 00002000 08:13 3944465                    /usr/lib/jvm/java-11-openjdk/bin/java
560ac1499000-560ac149a000 r--p 00002000 08:13 3944465                    /usr/lib/jvm/java-11-openjdk/bin/java
560ac149a000-560ac149b000 rw-p 00003000 08:13 3944465                    /usr/lib/jvm/java-11-openjdk/bin/java
560ac161b000-560ac163c000 rw-p 00000000 00:00 0                          [heap]
7ff2ac000000-7ff2ac021000 rw-p 00000000 00:00 0 
7ff2ac021000-7ff2b0000000 ---p 00000000 00:00 0 
7ff2b0000000-7ff2b0021000 rw-p 00000000 00:00 0 
7ff2b0021000-7ff2b4000000 ---p 00000000 00:00 0 
7ff2b4000000-7ff2b4021000 rw-p 00000000 00:00 0 
7ff2b4021000-7ff2b8000000 ---p 00000000 00:00 0 
7ff2b8000000-7ff2b8022000 rw-p 00000000 00:00 0 
7ff2b8022000-7ff2bc000000 ---p 00000000 00:00 0 
7ff2bc000000-7ff2bc021000 rw-p 00000000 00:00 0 
7ff2bc021000-7ff2c0000000 ---p 00000000 00:00 0 
7ff2c0000000-7ff2c01d5000 rw-p 00000000 00:00 0 
7ff2c01d5000-7ff2c4000000 ---p 00000000 00:00 0 
7ff2c4000000-7ff2c4021000 rw-p 00000000 00:00 0 
7ff2c4021000-7ff2c8000000 ---p 00000000 00:00 0 
7ff2c8000000-7ff2c8021000 rw-p 00000000 00:00 0 
7ff2c8021000-7ff2cc000000 ---p 00000000 00:00 0 
7ff2cc000000-7ff2cc46f000 rw-p 00000000 00:00 0 
7ff2cc46f000-7ff2d0000000 ---p 00000000 00:00 0 
7ff2d0000000-7ff2d0387000 rw-p 00000000 00:00 0 
7ff2d0387000-7ff2d4000000 ---p 00000000 00:00 0 
7ff2d4000000-7ff2d4021000 rw-p 00000000 00:00 0 
7ff2d4021000-7ff2d8000000 ---p 00000000 00:00 0 
7ff2d8000000-7ff2d8021000 rw-p 00000000 00:00 0 
7ff2d8021000-7ff2dc000000 ---p 00000000 00:00 0 
7ff2dc000000-7ff2dc021000 rw-p 00000000 00:00 0 
7ff2dc021000-7ff2e0000000 ---p 00000000 00:00 0 
7ff2e0000000-7ff2e0021000 rw-p 00000000 00:00 0 
7ff2e0021000-7ff2e4000000 ---p 00000000 00:00 0 
7ff2e4000000-7ff2e4021000 rw-p 00000000 00:00 0 
7ff2e4021000-7ff2e8000000 ---p 00000000 00:00 0 
7ff2e8000000-7ff2e8021000 rw-p 00000000 00:00 0 
7ff2e8021000-7ff2ec000000 ---p 00000000 00:00 0 
7ff2ec000000-7ff2ec021000 rw-p 00000000 00:00 0 
7ff2ec021000-7ff2f0000000 ---p 00000000 00:00 0 
7ff2f071e000-7ff2f0722000 ---p 00000000 00:00 0 
7ff2f0722000-7ff2f081f000 rw-p 00000000 00:00 0 
7ff2f081f000-7ff2f0823000 ---p 00000000 00:00 0 
7ff2f0823000-7ff2f0a60000 rw-p 00000000 00:00 0 
7ff2f0a60000-7ff2f0b20000 ---p 00000000 00:00 0 
7ff2f0b20000-7ff2f0d20000 rw-p 00000000 00:00 0 
7ff2f0d20000-7ff2f0d24000 ---p 00000000 00:00 0 
7ff2f0d24000-7ff2f0e21000 rw-p 00000000 00:00 0 
7ff2f0e21000-7ff2f0e24000 r-xp 00000000 08:14 2237993                    /home/array/.gradle/native/jansi/1.18/linux64/libjansi.so
7ff2f0e24000-7ff2f1023000 ---p 00003000 08:14 2237993                    /home/array/.gradle/native/jansi/1.18/linux64/libjansi.so
7ff2f1023000-7ff2f1024000 rw-p 00002000 08:14 2237993                    /home/array/.gradle/native/jansi/1.18/linux64/libjansi.so
7ff2f1024000-7ff2f103a000 r--p 00000000 08:13 3805389                    /usr/lib/libncursesw.so.6.3
7ff2f103a000-7ff2f1079000 r-xp 00016000 08:13 3805389                    /usr/lib/libncursesw.so.6.3
7ff2f1079000-7ff2f1091000 r--p 00055000 08:13 3805389                    /usr/lib/libncursesw.so.6.3
7ff2f1091000-7ff2f1092000 ---p 0006d000 08:13 3805389                    /usr/lib/libncursesw.so.6.3
7ff2f1092000-7ff2f1096000 r--p 0006d000 08:13 3805389                    /usr/lib/libncursesw.so.6.3
7ff2f1096000-7ff2f1097000 rw-p 00071000 08:13 3805389                    /usr/lib/libncursesw.so.6.3
7ff2f1097000-7ff2f109b000 r-xp 00000000 08:14 3286273                    /home/array/.gradle/native/8bec1ad78214c89d9ad589b4d07fe93259594b29d510b10fafb7a158f7737e5d/linux-amd64-ncurses6/libnative-platform-curses.so
7ff2f109b000-7ff2f129a000 ---p 00004000 08:14 3286273                    /home/array/.gradle/native/8bec1ad78214c89d9ad589b4d07fe93259594b29d510b10fafb7a158f7737e5d/linux-amd64-ncurses6/libnative-platform-curses.so
7ff2f129a000-7ff2f129b000 r--p 00003000 08:14 3286273                    /home/array/.gradle/native/8bec1ad78214c89d9ad589b4d07fe93259594b29d510b10fafb7a158f7737e5d/linux-amd64-ncurses6/libnative-platform-curses.so
7ff2f129b000-7ff2f129c000 rw-p 00004000 08:14 3286273                    /home/array/.gradle/native/8bec1ad78214c89d9ad589b4d07fe93259594b29d510b10fafb7a158f7737e5d/linux-amd64-ncurses6/libnative-platform-curses.so
7ff2f129c000-7ff2f12ed000 r-xp 00000000 08:14 3286109                    /home/array/.gradle/native/53dbd7edfb1c66fb8903c78663c9afc45aea4f116125fa6feffd364cf09443e8/linux-amd64/libnative-platform-file-events.so
7ff2f12ed000-7ff2f14ed000 ---p 00051000 08:14 3286109                    /home/array/.gradle/native/53dbd7edfb1c66fb8903c78663c9afc45aea4f116125fa6feffd364cf09443e8/linux-amd64/libnative-platform-file-events.so
7ff2f14ed000-7ff2f14ee000 r--p 00051000 08:14 3286109                    /home/array/.gradle/native/53dbd7edfb1c66fb8903c78663c9afc45aea4f116125fa6feffd364cf09443e8/linux-amd64/libnative-platform-file-events.so
7ff2f14ee000-7ff2f14f0000 rw-p 00052000 08:14 3286109                    /home/array/.gradle/native/53dbd7edfb1c66fb8903c78663c9afc45aea4f116125fa6feffd364cf09443e8/linux-amd64/libnative-platform-file-events.so
7ff2f14f0000-7ff2f14f5000 r-xp 00000000 08:14 3286105                    /home/array/.gradle/native/8bec1ad78214c89d9ad589b4d07fe93259594b29d510b10fafb7a158f7737e5d/linux-amd64/libnative-platform.so
7ff2f14f5000-7ff2f16f5000 ---p 00005000 08:14 3286105                    /home/array/.gradle/native/8bec1ad78214c89d9ad589b4d07fe93259594b29d510b10fafb7a158f7737e5d/linux-amd64/libnative-platform.so
7ff2f16f5000-7ff2f16f6000 r--p 00005000 08:14 3286105                    /home/array/.gradle/native/8bec1ad78214c89d9ad589b4d07fe93259594b29d510b10fafb7a158f7737e5d/linux-amd64/libnative-platform.so
7ff2f16f6000-7ff2f16f7000 rw-p 00006000 08:14 3286105                    /home/array/.gradle/native/8bec1ad78214c89d9ad589b4d07fe93259594b29d510b10fafb7a158f7737e5d/linux-amd64/libnative-platform.so
7ff2f16f7000-7ff2f18f7000 rw-p 00000000 00:00 0 
7ff2f18f7000-7ff2f18f8000 ---p 00000000 00:00 0 
7ff2f18f8000-7ff2f19f9000 rw-p 00000000 00:00 0 
7ff2f19f9000-7ff2f19fd000 ---p 00000000 00:00 0 
7ff2f19fd000-7ff2f1afa000 rw-p 00000000 00:00 0 
7ff2f1afa000-7ff2f1afe000 ---p 00000000 00:00 0 
7ff2f1afe000-7ff2f1bfb000 rw-p 00000000 00:00 0 
7ff2f1bfb000-7ff2f1bfc000 ---p 00000000 00:00 0 
7ff2f1bfc000-7ff2f1cfd000 rw-p 00000000 00:00 0 
7ff2f1cfd000-7ff2f1d01000 ---p 00000000 00:00 0 
7ff2f1d01000-7ff2f1dfe000 rw-p 00000000 00:00 0 
7ff2f1dfe000-7ff2f1e02000 ---p 00000000 00:00 0 
7ff2f1e02000-7ff2f1eff000 rw-p 00000000 00:00 0 
7ff2f1eff000-7ff2f1f03000 ---p 00000000 00:00 0 
7ff2f1f03000-7ff2f4000000 rw-p 00000000 00:00 0 
7ff2f4000000-7ff2f4021000 rw-p 00000000 00:00 0 
7ff2f4021000-7ff2f8000000 ---p 00000000 00:00 0 
7ff2f8000000-7ff2f8021000 rw-p 00000000 00:00 0 
7ff2f8021000-7ff2fc000000 ---p 00000000 00:00 0 
7ff2fc000000-7ff2fc021000 rw-p 00000000 00:00 0 
7ff2fc021000-7ff300000000 ---p 00000000 00:00 0 
7ff300018000-7ff30001c000 ---p 00000000 00:00 0 
7ff30001c000-7ff300119000 rw-p 00000000 00:00 0 
7ff300119000-7ff30011d000 ---p 00000000 00:00 0 
7ff30011d000-7ff30021a000 rw-p 00000000 00:00 0 
7ff30021a000-7ff30054f000 r--p 00000000 08:13 3834359                    /usr/lib/locale/locale-archive
7ff30054f000-7ff300553000 ---p 00000000 00:00 0 
7ff300553000-7ff300650000 rw-p 00000000 00:00 0 
7ff300650000-7ff300654000 ---p 00000000 00:00 0 
7ff300654000-7ff300751000 rw-p 00000000 00:00 0 
7ff300751000-7ff300752000 ---p 00000000 00:00 0 
7ff300752000-7ff300853000 rw-p 00000000 00:00 0 
7ff300853000-7ff300ac3000 rwxp 00000000 00:00 0 
7ff300ac3000-7ff300de3000 ---p 00000000 00:00 0 
7ff300de3000-7ff301053000 rwxp 00000000 00:00 0 
7ff301053000-7ff30831b000 ---p 00000000 00:00 0 
7ff30831b000-7ff30858b000 rwxp 00000000 00:00 0 
7ff30858b000-7ff30f853000 ---p 00000000 00:00 0 
7ff30f853000-7ff318000000 r--s 00000000 08:13 3944556                    /usr/lib/jvm/java-11-openjdk/lib/modules
7ff318000000-7ff318aea000 rw-p 00000000 00:00 0 
7ff318aea000-7ff31c000000 ---p 00000000 00:00 0 
7ff31c037000-7ff31c038000 r--p 00000000 08:13 3944505                    /usr/lib/jvm/java-11-openjdk/lib/libextnet.so
7ff31c038000-7ff31c039000 r-xp 00001000 08:13 3944505                    /usr/lib/jvm/java-11-openjdk/lib/libextnet.so
7ff31c039000-7ff31c03a000 r--p 00002000 08:13 3944505                    /usr/lib/jvm/java-11-openjdk/lib/libextnet.so
7ff31c03a000-7ff31c03b000 r--p 00002000 08:13 3944505                    /usr/lib/jvm/java-11-openjdk/lib/libextnet.so
7ff31c03b000-7ff31c03c000 rw-p 00003000 08:13 3944505                    /usr/lib/jvm/java-11-openjdk/lib/libextnet.so
7ff31c03c000-7ff31c03d000 r--p 00000000 08:13 3804557                    /usr/lib/libutil-2.33.so
7ff31c03d000-7ff31c03e000 r-xp 00001000 08:13 3804557                    /usr/lib/libutil-2.33.so
7ff31c03e000-7ff31c03f000 r--p 00002000 08:13 3804557                    /usr/lib/libutil-2.33.so
7ff31c03f000-7ff31c040000 r--p 00002000 08:13 3804557                    /usr/lib/libutil-2.33.so
7ff31c040000-7ff31c041000 rw-p 00003000 08:13 3804557                    /usr/lib/libutil-2.33.so
7ff31c045000-7ff31c047000 r--p 00000000 08:13 3944535                    /usr/lib/jvm/java-11-openjdk/lib/libmanagement_ext.so
7ff31c047000-7ff31c04a000 r-xp 00002000 08:13 3944535                    /usr/lib/jvm/java-11-openjdk/lib/libmanagement_ext.so
7ff31c04a000-7ff31c04b000 r--p 00005000 08:13 3944535                    /usr/lib/jvm/java-11-openjdk/lib/libmanagement_ext.so
7ff31c04b000-7ff31c04c000 ---p 00006000 08:13 3944535                    /usr/lib/jvm/java-11-openjdk/lib/libmanagement_ext.so
7ff31c04c000-7ff31c04d000 r--p 00006000 08:13 3944535                    /usr/lib/jvm/java-11-openjdk/lib/libmanagement_ext.so
7ff31c04d000-7ff31c04e000 rw-p 00007000 08:13 3944535                    /usr/lib/jvm/java-11-openjdk/lib/libmanagement_ext.so
7ff31c04e000-7ff31c051000 r--p 00000000 08:13 3944531                    /usr/lib/jvm/java-11-openjdk/lib/libmanagement.so
7ff31c051000-7ff31c052000 r-xp 00003000 08:13 3944531                    /usr/lib/jvm/java-11-openjdk/lib/libmanagement.so
7ff31c052000-7ff31c053000 r--p 00004000 08:13 3944531                    /usr/lib/jvm/java-11-openjdk/lib/libmanagement.so
7ff31c053000-7ff31c054000 r--p 00004000 08:13 3944531                    /usr/lib/jvm/java-11-openjdk/lib/libmanagement.so
7ff31c054000-7ff31c055000 rw-p 00005000 08:13 3944531                    /usr/lib/jvm/java-11-openjdk/lib/libmanagement.so
7ff31c055000-7ff31c086000 rw-p 00000000 00:00 0 
7ff31c086000-7ff31c08a000 r--p 00000000 08:13 3944539                    /usr/lib/jvm/java-11-openjdk/lib/libnet.so
7ff31c08a000-7ff31c099000 r-xp 00004000 08:13 3944539                    /usr/lib/jvm/java-11-openjdk/lib/libnet.so
7ff31c099000-7ff31c09d000 r--p 00013000 08:13 3944539                    /usr/lib/jvm/java-11-openjdk/lib/libnet.so
7ff31c09d000-7ff31c09e000 r--p 00016000 08:13 3944539                    /usr/lib/jvm/java-11-openjdk/lib/libnet.so
7ff31c09e000-7ff31c09f000 rw-p 00017000 08:13 3944539                    /usr/lib/jvm/java-11-openjdk/lib/libnet.so
7ff31c09f000-7ff31c0a6000 r--p 00000000 08:13 3944541                    /usr/lib/jvm/java-11-openjdk/lib/libnio.so
7ff31c0a6000-7ff31c0ad000 r-xp 00007000 08:13 3944541                    /usr/lib/jvm/java-11-openjdk/lib/libnio.so
7ff31c0ad000-7ff31c0b0000 r--p 0000e000 08:13 3944541                    /usr/lib/jvm/java-11-openjdk/lib/libnio.so
7ff31c0b0000-7ff31c0b1000 r--p 00010000 08:13 3944541                    /usr/lib/jvm/java-11-openjdk/lib/libnio.so
7ff31c0b1000-7ff31c0b2000 rw-p 00011000 08:13 3944541                    /usr/lib/jvm/java-11-openjdk/lib/libnio.so
7ff31c0b2000-7ff31c9b6000 rw-p 00000000 00:00 0 
7ff31c9b6000-7ff31c9f8000 rw-p 00000000 00:00 0 
7ff31c9f8000-7ff31c9f9000 ---p 00000000 00:00 0 
7ff31c9f9000-7ff31cafa000 rw-p 00000000 00:00 0 
7ff31cafa000-7ff31cafb000 ---p 00000000 00:00 0 
7ff31cafb000-7ff31d000000 rw-p 00000000 00:00 0 
7ff31d000000-7ff31d001000 ---p 00000000 00:00 0 
7ff31d001000-7ff31d102000 rw-p 00000000 00:00 0 
7ff31d102000-7ff31d103000 ---p 00000000 00:00 0 
7ff31d103000-7ff31d427000 rw-p 00000000 00:00 0 
7ff31d427000-7ff31d86b000 rw-p 00000000 00:00 0 
7ff31d86b000-7ff31d86c000 ---p 00000000 00:00 0 
7ff31d86c000-7ff31d972000 rw-p 00000000 00:00 0 
7ff31d972000-7ff31da58000 ---p 00000000 00:00 0 
7ff31da58000-7ff31da5d000 rw-p 00000000 00:00 0 
7ff31da5d000-7ff31db43000 ---p 00000000 00:00 0 
7ff31db43000-7ff31db48000 rw-p 00000000 00:00 0 
7ff31db48000-7ff31db4f000 ---p 00000000 00:00 0 
7ff31db4f000-7ff31db52000 r--p 00000000 08:13 3804535                    /usr/lib/libnss_files-2.33.so
7ff31db52000-7ff31db59000 r-xp 00003000 08:13 3804535                    /usr/lib/libnss_files-2.33.so
7ff31db59000-7ff31db5b000 r--p 0000a000 08:13 3804535                    /usr/lib/libnss_files-2.33.so
7ff31db5b000-7ff31db5c000 r--p 0000b000 08:13 3804535                    /usr/lib/libnss_files-2.33.so
7ff31db5c000-7ff31db5d000 rw-p 0000c000 08:13 3804535                    /usr/lib/libnss_files-2.33.so
7ff31db5d000-7ff31db63000 rw-p 00000000 00:00 0 
7ff31db65000-7ff31db67000 r--p 00000000 08:13 3944555                    /usr/lib/jvm/java-11-openjdk/lib/libzip.so
7ff31db67000-7ff31db6b000 r-xp 00002000 08:13 3944555                    /usr/lib/jvm/java-11-openjdk/lib/libzip.so
7ff31db6b000-7ff31db6d000 r--p 00006000 08:13 3944555                    /usr/lib/jvm/java-11-openjdk/lib/libzip.so
7ff31db6d000-7ff31db6e000 r--p 00007000 08:13 3944555                    /usr/lib/jvm/java-11-openjdk/lib/libzip.so
7ff31db6e000-7ff31db6f000 rw-p 00008000 08:13 3944555                    /usr/lib/jvm/java-11-openjdk/lib/libzip.so
7ff31db6f000-7ff31db77000 rw-s 00000000 00:25 17608                      /tmp/hsperfdata_array/320893
7ff31db77000-7ff31db79000 r--p 00000000 08:13 3944525                    /usr/lib/jvm/java-11-openjdk/lib/libjimage.so
7ff31db79000-7ff31db7c000 r-xp 00002000 08:13 3944525                    /usr/lib/jvm/java-11-openjdk/lib/libjimage.so
7ff31db7c000-7ff31db7d000 r--p 00005000 08:13 3944525                    /usr/lib/jvm/java-11-openjdk/lib/libjimage.so
7ff31db7d000-7ff31db7e000 ---p 00006000 08:13 3944525                    /usr/lib/jvm/java-11-openjdk/lib/libjimage.so
7ff31db7e000-7ff31db7f000 r--p 00006000 08:13 3944525                    /usr/lib/jvm/java-11-openjdk/lib/libjimage.so
7ff31db7f000-7ff31db80000 rw-p 00007000 08:13 3944525                    /usr/lib/jvm/java-11-openjdk/lib/libjimage.so
7ff31db80000-7ff31db8e000 r--p 00000000 08:13 3944519                    /usr/lib/jvm/java-11-openjdk/lib/libjava.so
7ff31db8e000-7ff31dba3000 r-xp 0000e000 08:13 3944519                    /usr/lib/jvm/java-11-openjdk/lib/libjava.so
7ff31dba3000-7ff31dba9000 r--p 00023000 08:13 3944519                    /usr/lib/jvm/java-11-openjdk/lib/libjava.so
7ff31dba9000-7ff31dbaa000 ---p 00029000 08:13 3944519                    /usr/lib/jvm/java-11-openjdk/lib/libjava.so
7ff31dbaa000-7ff31dbab000 r--p 00029000 08:13 3944519                    /usr/lib/jvm/java-11-openjdk/lib/libjava.so
7ff31dbab000-7ff31dbac000 rw-p 0002a000 08:13 3944519                    /usr/lib/jvm/java-11-openjdk/lib/libjava.so
7ff31dbac000-7ff31dbad000 rw-p 00000000 00:00 0 
7ff31dbad000-7ff31dbb0000 r--p 00000000 08:13 3804550                    /usr/lib/librt-2.33.so
7ff31dbb0000-7ff31dbb4000 r-xp 00003000 08:13 3804550                    /usr/lib/librt-2.33.so
7ff31dbb4000-7ff31dbb6000 r--p 00007000 08:13 3804550                    /usr/lib/librt-2.33.so
7ff31dbb6000-7ff31dbb7000 r--p 00008000 08:13 3804550                    /usr/lib/librt-2.33.so
7ff31dbb7000-7ff31dbb8000 rw-p 00009000 08:13 3804550                    /usr/lib/librt-2.33.so
7ff31dbb8000-7ff31dbbc000 ---p 00000000 00:00 0 
7ff31dbbc000-7ff31dcb9000 rw-p 00000000 00:00 0 
7ff31dcb9000-7ff31dcbc000 r--p 00000000 08:13 3805297                    /usr/lib/libgcc_s.so.1
7ff31dcbc000-7ff31dcce000 r-xp 00003000 08:13 3805297                    /usr/lib/libgcc_s.so.1
7ff31dcce000-7ff31dcd1000 r--p 00015000 08:13 3805297                    /usr/lib/libgcc_s.so.1
7ff31dcd1000-7ff31dcd2000 ---p 00018000 08:13 3805297                    /usr/lib/libgcc_s.so.1
7ff31dcd2000-7ff31dcd3000 r--p 00018000 08:13 3805297                    /usr/lib/libgcc_s.so.1
7ff31dcd3000-7ff31dcd4000 rw-p 00019000 08:13 3805297                    /usr/lib/libgcc_s.so.1
7ff31dcd4000-7ff31dce3000 r--p 00000000 08:13 3804514                    /usr/lib/libm-2.33.so
7ff31dce3000-7ff31dd7d000 r-xp 0000f000 08:13 3804514                    /usr/lib/libm-2.33.so
7ff31dd7d000-7ff31de15000 r--p 000a9000 08:13 3804514                    /usr/lib/libm-2.33.so
7ff31de15000-7ff31de16000 ---p 00141000 08:13 3804514                    /usr/lib/libm-2.33.so
7ff31de16000-7ff31de17000 r--p 00141000 08:13 3804514                    /usr/lib/libm-2.33.so
7ff31de17000-7ff31de18000 rw-p 00142000 08:13 3804514                    /usr/lib/libm-2.33.so
7ff31de18000-7ff31deb1000 r--p 00000000 08:13 3805329                    /usr/lib/libstdc++.so.6.0.29
7ff31deb1000-7ff31dfb1000 r-xp 00099000 08:13 3805329                    /usr/lib/libstdc++.so.6.0.29
7ff31dfb1000-7ff31e01d000 r--p 00199000 08:13 3805329                    /usr/lib/libstdc++.so.6.0.29
7ff31e01d000-7ff31e02a000 r--p 00204000 08:13 3805329                    /usr/lib/libstdc++.so.6.0.29
7ff31e02a000-7ff31e02b000 rw-p 00211000 08:13 3805329                    /usr/lib/libstdc++.so.6.0.29
7ff31e02b000-7ff31e02e000 rw-p 00000000 00:00 0 
7ff31e02e000-7ff31e2a6000 r--p 00000000 08:13 3944568                    /usr/lib/jvm/java-11-openjdk/lib/server/libjvm.so
7ff31e2a6000-7ff31eeaa000 r-xp 00278000 08:13 3944568                    /usr/lib/jvm/java-11-openjdk/lib/server/libjvm.so
7ff31eeaa000-7ff31f0ea000 r--p 00e7c000 08:13 3944568                    /usr/lib/jvm/java-11-openjdk/lib/server/libjvm.so
7ff31f0ea000-7ff31f0eb000 ---p 010bc000 08:13 3944568                    /usr/lib/jvm/java-11-openjdk/lib/server/libjvm.so
7ff31f0eb000-7ff31f1ac000 r--p 010bc000 08:13 3944568                    /usr/lib/jvm/java-11-openjdk/lib/server/libjvm.so
7ff31f1ac000-7ff31f1e6000 rw-p 0117d000 08:13 3944568                    /usr/lib/jvm/java-11-openjdk/lib/server/libjvm.so
7ff31f1e6000-7ff31f23e000 rw-p 00000000 00:00 0 
7ff31f23e000-7ff31f245000 r--p 00000000 08:13 3804542                    /usr/lib/libpthread-2.33.so
7ff31f245000-7ff31f254000 r-xp 00007000 08:13 3804542                    /usr/lib/libpthread-2.33.so
7ff31f254000-7ff31f258000 r--p 00016000 08:13 3804542                    /usr/lib/libpthread-2.33.so
7ff31f258000-7ff31f259000 ---p 0001a000 08:13 3804542                    /usr/lib/libpthread-2.33.so
7ff31f259000-7ff31f25a000 r--p 0001a000 08:13 3804542                    /usr/lib/libpthread-2.33.so
7ff31f25a000-7ff31f25b000 rw-p 0001b000 08:13 3804542                    /usr/lib/libpthread-2.33.so
7ff31f25b000-7ff31f25f000 rw-p 00000000 00:00 0 
7ff31f25f000-7ff31f261000 r--p 00000000 08:13 3804508                    /usr/lib/libdl-2.33.so
7ff31f261000-7ff31f263000 r-xp 00002000 08:13 3804508                    /usr/lib/libdl-2.33.so
7ff31f263000-7ff31f264000 r--p 00004000 08:13 3804508                    /usr/lib/libdl-2.33.so
7ff31f264000-7ff31f265000 r--p 00004000 08:13 3804508                    /usr/lib/libdl-2.33.so
7ff31f265000-7ff31f266000 rw-p 00005000 08:13 3804508                    /usr/lib/libdl-2.33.so
7ff31f266000-7ff31f269000 r--p 00000000 08:13 3814342                    /usr/lib/libz.so.1.2.11
7ff31f269000-7ff31f277000 r-xp 00003000 08:13 3814342                    /usr/lib/libz.so.1.2.11
7ff31f277000-7ff31f27d000 r--p 00011000 08:13 3814342                    /usr/lib/libz.so.1.2.11
7ff31f27d000-7ff31f27e000 ---p 00017000 08:13 3814342                    /usr/lib/libz.so.1.2.11
7ff31f27e000-7ff31f27f000 r--p 00017000 08:13 3814342                    /usr/lib/libz.so.1.2.11
7ff31f27f000-7ff31f280000 rw-p 00018000 08:13 3814342                    /usr/lib/libz.so.1.2.11
7ff31f280000-7ff31f2a6000 r--p 00000000 08:13 3804501                    /usr/lib/libc-2.33.so
7ff31f2a6000-7ff31f3f1000 r-xp 00026000 08:13 3804501                    /usr/lib/libc-2.33.so
7ff31f3f1000-7ff31f43d000 r--p 00171000 08:13 3804501                    /usr/lib/libc-2.33.so
7ff31f43d000-7ff31f440000 r--p 001bc000 08:13 3804501                    /usr/lib/libc-2.33.so
7ff31f440000-7ff31f443000 rw-p 001bf000 08:13 3804501                    /usr/lib/libc-2.33.so
7ff31f443000-7ff31f44c000 rw-p 00000000 00:00 0 
7ff31f44d000-7ff31f44e000 ---p 00000000 00:00 0 
7ff31f44e000-7ff31f44f000 r--p 00000000 00:00 0 
7ff31f44f000-7ff31f454000 r--p 00000000 08:13 3944553                    /usr/lib/jvm/java-11-openjdk/lib/libverify.so
7ff31f454000-7ff31f45b000 r-xp 00005000 08:13 3944553                    /usr/lib/jvm/java-11-openjdk/lib/libverify.so
7ff31f45b000-7ff31f45d000 r--p 0000c000 08:13 3944553                    /usr/lib/jvm/java-11-openjdk/lib/libverify.so
7ff31f45d000-7ff31f45f000 r--p 0000d000 08:13 3944553                    /usr/lib/jvm/java-11-openjdk/lib/libverify.so
7ff31f45f000-7ff31f460000 rw-p 0000f000 08:13 3944553                    /usr/lib/jvm/java-11-openjdk/lib/libverify.so
7ff31f460000-7ff31f463000 r--p 00000000 08:13 3944493                    /usr/lib/jvm/java-11-openjdk/lib/jli/libjli.so
7ff31f463000-7ff31f46d000 r-xp 00003000 08:13 3944493                    /usr/lib/jvm/java-11-openjdk/lib/jli/libjli.so
7ff31f46d000-7ff31f470000 r--p 0000d000 08:13 3944493                    /usr/lib/jvm/java-11-openjdk/lib/jli/libjli.so
7ff31f470000-7ff31f471000 ---p 00010000 08:13 3944493                    /usr/lib/jvm/java-11-openjdk/lib/jli/libjli.so
7ff31f471000-7ff31f472000 r--p 00010000 08:13 3944493                    /usr/lib/jvm/java-11-openjdk/lib/jli/libjli.so
7ff31f472000-7ff31f473000 rw-p 00011000 08:13 3944493                    /usr/lib/jvm/java-11-openjdk/lib/jli/libjli.so
7ff31f473000-7ff31f475000 rw-p 00000000 00:00 0 
7ff31f475000-7ff31f476000 r--p 00000000 08:13 3804490                    /usr/lib/ld-2.33.so
7ff31f476000-7ff31f49a000 r-xp 00001000 08:13 3804490                    /usr/lib/ld-2.33.so
7ff31f49a000-7ff31f4a3000 r--p 00025000 08:13 3804490                    /usr/lib/ld-2.33.so
7ff31f4a3000-7ff31f4a5000 r--p 0002d000 08:13 3804490                    /usr/lib/ld-2.33.so
7ff31f4a5000-7ff31f4a7000 rw-p 0002f000 08:13 3804490                    /usr/lib/ld-2.33.so
7ffd44003000-7ffd44024000 rw-p 00000000 00:00 0                          [stack]
7ffd44058000-7ffd4405c000 r--p 00000000 00:00 0                          [vvar]
7ffd4405c000-7ffd4405e000 r-xp 00000000 00:00 0                          [vdso]
ffffffffff600000-ffffffffff601000 --xp 00000000 00:00 0                  [vsyscall]


VM Arguments:
jvm_args: -Xmx64m -Xms64m -Dorg.gradle.appname=gradlew 
java_command: org.gradle.wrapper.GradleWrapperMain installDebug
java_class_path (initial): /home/array/Documents/github_repos/learning_android/hello_world_sahil/gradle/wrapper/gradle-wrapper.jar
Launcher Type: SUN_STANDARD

[Global flags]
     intx CICompilerCount                          = 3                                         {product} {ergonomic}
     uint ConcGCThreads                            = 1                                         {product} {ergonomic}
     uint G1ConcRefinementThreads                  = 4                                         {product} {ergonomic}
   size_t G1HeapRegionSize                         = 1048576                                   {product} {ergonomic}
    uintx GCDrainStackTargetSize                   = 64                                        {product} {ergonomic}
   size_t InitialHeapSize                          = 67108864                                  {product} {command line}
   size_t MarkStackSize                            = 4194304                                   {product} {ergonomic}
   size_t MaxHeapSize                              = 67108864                                  {product} {command line}
   size_t MaxNewSize                               = 39845888                                  {product} {ergonomic}
   size_t MinHeapDeltaBytes                        = 1048576                                   {product} {ergonomic}
    uintx NonNMethodCodeHeapSize                   = 5830732                                {pd product} {ergonomic}
    uintx NonProfiledCodeHeapSize                  = 122913754                              {pd product} {ergonomic}
    uintx ProfiledCodeHeapSize                     = 122913754                              {pd product} {ergonomic}
    uintx ReservedCodeCacheSize                    = 251658240                              {pd product} {ergonomic}
     bool SegmentedCodeCache                       = true                                      {product} {ergonomic}
     bool UseCompressedClassPointers               = true                                 {lp64_product} {ergonomic}
     bool UseCompressedOops                        = true                                 {lp64_product} {ergonomic}
     bool UseG1GC                                  = true                                      {product} {ergonomic}

Logging:
Log output configuration:
 #0: stdout all=warning uptime,level,tags
 #1: stderr all=off uptime,level,tags

Environment Variables:
PATH=/home/array/Documents/github_repos/learning_android/hello_world_sahil/node_modules/.bin:/home/array/.nvm/versions/node/v16.13.1/bin:/home/array/.cargo/bin:/usr/local/bin:/usr/bin:/bin:/usr/local/sbin:/opt/android-sdk/cmdline-tools/latest/bin:/opt/android-sdk/platform-tools:/usr/lib/jvm/default/bin:/usr/bin/site_perl:/usr/bin/vendor_perl:/usr/bin/core_perl:/home/array/.local/bin
SHELL=/bin/bash
DISPLAY=:0
LANG=en-US.UTF-8
LC_ALL=en_US.UTF-8

Signal Handlers:
SIGSEGV: [libjvm.so+0xe0a500], sa_mask[0]=11111111011111111101111111111110, sa_flags=SA_RESTART|SA_SIGINFO
SIGBUS: [libjvm.so+0xe0a500], sa_mask[0]=11111111011111111101111111111110, sa_flags=SA_RESTART|SA_SIGINFO
SIGFPE: [libjvm.so+0xe0a500], sa_mask[0]=11111111011111111101111111111110, sa_flags=SA_RESTART|SA_SIGINFO
SIGPIPE: [libjvm.so+0xbf93d0], sa_mask[0]=11111111011111111101111111111110, sa_flags=SA_RESTART|SA_SIGINFO
SIGXFSZ: [libjvm.so+0xbf93d0], sa_mask[0]=11111111011111111101111111111110, sa_flags=SA_RESTART|SA_SIGINFO
SIGILL: [libjvm.so+0xe0a500], sa_mask[0]=11111111011111111101111111111110, sa_flags=SA_RESTART|SA_SIGINFO
SIGUSR2: [libjvm.so+0xbf9260], sa_mask[0]=00000000000000000000000000000000, sa_flags=SA_RESTART|SA_SIGINFO
SIGHUP: [libjvm.so+0xbf9860], sa_mask[0]=11111111011111111101111111111110, sa_flags=SA_RESTART|SA_SIGINFO
SIGINT: [libjvm.so+0xbf9860], sa_mask[0]=11111111011111111101111111111110, sa_flags=SA_RESTART|SA_SIGINFO
SIGTERM: [libjvm.so+0xbf9860], sa_mask[0]=11111111011111111101111111111110, sa_flags=SA_RESTART|SA_SIGINFO
SIGQUIT: [libjvm.so+0xbf9860], sa_mask[0]=11111111011111111101111111111110, sa_flags=SA_RESTART|SA_SIGINFO


---------------  S Y S T E M  ---------------

OS:NAME="Arch Linux"
PRETTY_NAME="Arch Linux"
ID=arch
BUILD_ID=rolling
ANSI_COLOR="38;2;23;147;209"
HOME_URL="https://archlinux.org/"
DOCUMENTATION_URL="https://wiki.archlinux.org/"
SUPPORT_URL="https://bbs.archlinux.org/"
BUG_REPORT_URL="https://bugs.archlinux.org/"
LOGO=archlinux-logo
uname:Linux 5.15.8-arch1-1 #1 SMP PREEMPT Tue, 14 Dec 2021 12:28:02 +0000 x86_64
OS uptime: 9 days 22:56 hours
libc:glibc 2.33 NPTL 2.33 
rlimit (soft/hard): STACK 8192k/infinity , CORE infinity/infinity , NPROC 31338/31338 , NOFILE 524288/524288 , AS infinity/infinity , CPU infinity/infinity , DATA infinity/infinity , FSIZE infinity/infinity , MEMLOCK 64k/64k
load average:0.91 2.13 2.26

/proc/meminfo:
MemTotal:        8038192 kB
MemFree:         1903968 kB
MemAvailable:    3253904 kB
Buffers:           81180 kB
Cached:          2037684 kB
SwapCached:       248496 kB
Active:           957960 kB
Inactive:        3602240 kB
Active(anon):     190184 kB
Inactive(anon):  2697500 kB
Active(file):     767776 kB
Inactive(file):   904740 kB
Unevictable:      233652 kB
Mlocked:              80 kB
SwapTotal:      12582908 kB
SwapFree:       10826968 kB
Dirty:               972 kB
Writeback:             0 kB
AnonPages:       2634916 kB
Mapped:           549532 kB
Shmem:            446172 kB
KReclaimable:     108276 kB
Slab:             372456 kB
SReclaimable:     108276 kB
SUnreclaim:       264180 kB
KernelStack:       17184 kB
PageTables:        64184 kB
NFS_Unstable:          0 kB
Bounce:                0 kB
WritebackTmp:          0 kB
CommitLimit:    16602004 kB
Committed_AS:   14605400 kB
VmallocTotal:   34359738367 kB
VmallocUsed:       60016 kB
VmallocChunk:          0 kB
Percpu:             2304 kB
HardwareCorrupted:     0 kB
AnonHugePages:         0 kB
ShmemHugePages:        0 kB
ShmemPmdMapped:        0 kB
FileHugePages:         0 kB
FilePmdMapped:         0 kB
CmaTotal:              0 kB
CmaFree:               0 kB
HugePages_Total:       0
HugePages_Free:        0
HugePages_Rsvd:        0
HugePages_Surp:        0
Hugepagesize:       2048 kB
Hugetlb:               0 kB
DirectMap4k:     4693392 kB
DirectMap2M:     3592192 kB
DirectMap1G:     1048576 kB

/sys/kernel/mm/transparent_hugepage/enabled:
always [madvise] never
/sys/kernel/mm/transparent_hugepage/defrag (defrag/compaction efforts parameter):
always defer defer+madvise [madvise] never

Process Memory:
Virtual Size: 2995844K (peak: 2995844K)
Resident Set Size: 89852K (peak: 89916K) (anon: 69164K, file: 20656K, shmem: 32K)
Swapped out: 0K
C-Heap outstanding allocations: 18348K

/proc/sys/kernel/threads-max (system-wide limit on the number of threads):
62677
/proc/sys/vm/max_map_count (maximum number of memory map areas a process may have):
65530
/proc/sys/kernel/pid_max (system-wide limit on number of process identifiers):
4194304

Steal ticks since vm start: 0
Steal ticks percentage since vm start:  0.000

CPU:total 4 (initial active 4) (2 cores per cpu, 2 threads per core) family 6 model 78 stepping 3 microcode 0x49, cmov, cx8, fxsr, mmx, sse, sse2, sse3, ssse3, sse4.1, sse4.2, popcnt, avx, avx2, aes, clmul, erms, 3dnowpref, lzcnt, ht, tsc, tscinvbit, bmi1, bmi2, adx, fma
CPU Model and flags from /proc/cpuinfo:
model name	: Intel(R) Core(TM) i5-6200U CPU @ 2.30GHz
flags		: fpu vme de pse tsc msr pae mce cx8 apic sep mtrr pge mca cmov pat pse36 clflush dts acpi mmx fxsr sse sse2 ss ht tm pbe syscall nx pdpe1gb rdtscp lm constant_tsc art arch_perfmon pebs bts rep_good nopl xtopology nonstop_tsc cpuid aperfmperf pni pclmulqdq dtes64 monitor ds_cpl vmx est tm2 ssse3 sdbg fma cx16 xtpr pdcm pcid sse4_1 sse4_2 x2apic movbe popcnt aes xsave avx f16c rdrand lahf_lm abm 3dnowprefetch cpuid_fault epb invpcid_single pti tpr_shadow vnmi flexpriority ept vpid ept_ad fsgsbase tsc_adjust bmi1 avx2 smep bmi2 erms invpcid mpx rdseed adx smap clflushopt intel_pt xsaveopt xsavec xgetbv1 xsaves dtherm ida arat pln pts hwp hwp_notify hwp_act_window hwp_epp
Online cpus:
0-3
Offline cpus:

BIOS frequency limitation:
<Not Available>
Frequency switch latency (ns):
0
Available cpu frequencies:
<Not Available>
Current governor:
powersave
Core performance/turbo boost:
<Not Available>

Memory: 4k page, physical 8038192k(1903968k free), swap 12582908k(10826968k free)

vm_info: OpenJDK 64-Bit Server VM (11.0.13+8) for linux-amd64 JRE (11.0.13+8), built on Nov  9 2021 19:45:44 by "builduser" with gcc 11.1.0

END.
